


ARM Macro Assembler    Page 1 


    1 00000000                 AREA             asm_functions, CODE, READONLY
    2 00000000                 EXPORT           ASM_funct
    3 00000000         ASM_funct
    4 00000000         ; save current SP for a faster access 
    5 00000000         ; to parameters in the stack
    6 00000000 46EC            MOV              r12, sp
    7 00000002         ; save volatile registers
    8 00000002 E92D 4DF0       STMFD            sp!,{r4-r8,r10-r11,lr}
    9 00000006         ; extract argument 4 and 5 into R4 and R5
   10 00000006 F8DC 4000       LDR              r4, [r12]
   11 0000000A F8DC 5004       LDR              r5, [r12,#4]
   12 0000000E         ; setup a value for R0 to return
   13 0000000E 4628            MOV              r0, r5
   14 00000010         ; restore volatile registers
   15 00000010 E8BD 8DF0       LDMFD            sp!,{r4-r8,r10-r11,pc}
   16 00000014         
   17 00000014                 END
Command Line: --debug --xref --diag_suppress=9931 --cpu=Cortex-M3 --apcs=interw
ork --depend=.\objects\asm_funct.d -o.\objects\asm_funct.o -IC:\Users\bekzod\Ap
pData\Local\Arm\Packs\Keil\LPC1700_DFP\2.7.1\Device\Include --predefine="__EVAL
 SETA 1" --predefine="__UVISION_VERSION SETA 537" --predefine="LPC175x_6x SETA 
1" --predefine="LPC175x_6x SETA 1" --list=.\listings\asm_funct.lst ASM_funct.s



ARM Macro Assembler    Page 1 Alphabetic symbol ordering
Relocatable symbols

ASM_funct 00000000

Symbol: ASM_funct
   Definitions
      At line 3 in file ASM_funct.s
   Uses
      At line 2 in file ASM_funct.s
Comment: ASM_funct used once
asm_functions 00000000

Symbol: asm_functions
   Definitions
      At line 1 in file ASM_funct.s
   Uses
      None
Comment: asm_functions unused
2 symbols
335 symbols in table
